2018-10-26 16:40:23 - Errno::ENOENT - No such file or directory @ rb_sysopen -  /home/mati/IV/Gestion-Medicamentos-IV/sinatra/public/medicamentos.json:
	/home/mati/IV/Gestion-Medicamentos-IV/sinatra/myapp.rb:25:in `read'
	/home/mati/IV/Gestion-Medicamentos-IV/sinatra/myapp.rb:25:in `block in <class:MyApp>'
	/home/mati/.rvm/gems/ruby-2.5.1/gems/sinatra-2.0.4/lib/sinatra/base.rb:1635:in `call'
	/home/mati/.rvm/gems/ruby-2.5.1/gems/sinatra-2.0.4/lib/sinatra/base.rb:1635:in `block in compile!'
	/home/mati/.rvm/gems/ruby-2.5.1/gems/sinatra-2.0.4/lib/sinatra/base.rb:1040:in `block in process_route'
	/home/mati/.rvm/gems/ruby-2.5.1/gems/sinatra-2.0.4/lib/sinatra/base.rb:1038:in `catch'
	/home/mati/.rvm/gems/ruby-2.5.1/gems/sinatra-2.0.4/lib/sinatra/base.rb:1038:in `process_route'
	/home/mati/.rvm/gems/ruby-2.5.1/gems/sinatra-2.0.4/lib/sinatra/base.rb:983:in `block in filter!'
	/home/mati/.rvm/gems/ruby-2.5.1/gems/sinatra-2.0.4/lib/sinatra/base.rb:983:in `each'
	/home/mati/.rvm/gems/ruby-2.5.1/gems/sinatra-2.0.4/lib/sinatra/base.rb:983:in `filter!'
	/home/mati/.rvm/gems/ruby-2.5.1/gems/sinatra-2.0.4/lib/sinatra/base.rb:1096:in `block in dispatch!'
	/home/mati/.rvm/gems/ruby-2.5.1/gems/sinatra-2.0.4/lib/sinatra/base.rb:1076:in `block in invoke'
	/home/mati/.rvm/gems/ruby-2.5.1/gems/sinatra-2.0.4/lib/sinatra/base.rb:1076:in `catch'
	/home/mati/.rvm/gems/ruby-2.5.1/gems/sinatra-2.0.4/lib/sinatra/base.rb:1076:in `invoke'
	/home/mati/.rvm/gems/ruby-2.5.1/gems/sinatra-2.0.4/lib/sinatra/base.rb:1094:in `dispatch!'
	/home/mati/.rvm/gems/ruby-2.5.1/gems/sinatra-2.0.4/lib/sinatra/base.rb:924:in `block in call!'
	/home/mati/.rvm/gems/ruby-2.5.1/gems/sinatra-2.0.4/lib/sinatra/base.rb:1076:in `block in invoke'
	/home/mati/.rvm/gems/ruby-2.5.1/gems/sinatra-2.0.4/lib/sinatra/base.rb:1076:in `catch'
	/home/mati/.rvm/gems/ruby-2.5.1/gems/sinatra-2.0.4/lib/sinatra/base.rb:1076:in `invoke'
	/home/mati/.rvm/gems/ruby-2.5.1/gems/sinatra-2.0.4/lib/sinatra/base.rb:924:in `call!'
	/home/mati/.rvm/gems/ruby-2.5.1/gems/sinatra-2.0.4/lib/sinatra/base.rb:913:in `call'
	/home/mati/.rvm/gems/ruby-2.5.1/gems/rack-2.0.5/lib/rack/common_logger.rb:33:in `call'
	/home/mati/.rvm/gems/ruby-2.5.1/gems/sinatra-2.0.4/lib/sinatra/base.rb:231:in `call'
	/home/mati/.rvm/gems/ruby-2.5.1/gems/rack-protection-2.0.4/lib/rack/protection/xss_header.rb:18:in `call'
	/home/mati/.rvm/gems/ruby-2.5.1/gems/rack-protection-2.0.4/lib/rack/protection/path_traversal.rb:16:in `call'
	/home/mati/.rvm/gems/ruby-2.5.1/gems/rack-protection-2.0.4/lib/rack/protection/json_csrf.rb:26:in `call'
	/home/mati/.rvm/gems/ruby-2.5.1/gems/rack-protection-2.0.4/lib/rack/protection/base.rb:50:in `call'
	/home/mati/.rvm/gems/ruby-2.5.1/gems/rack-protection-2.0.4/lib/rack/protection/base.rb:50:in `call'
	/home/mati/.rvm/gems/ruby-2.5.1/gems/rack-protection-2.0.4/lib/rack/protection/frame_options.rb:31:in `call'
	/home/mati/.rvm/gems/ruby-2.5.1/gems/rack-2.0.5/lib/rack/null_logger.rb:9:in `call'
	/home/mati/.rvm/gems/ruby-2.5.1/gems/rack-2.0.5/lib/rack/head.rb:12:in `call'
	/home/mati/.rvm/gems/ruby-2.5.1/gems/sinatra-2.0.4/lib/sinatra/show_exceptions.rb:22:in `call'
	/home/mati/.rvm/gems/ruby-2.5.1/gems/sinatra-2.0.4/lib/sinatra/base.rb:194:in `call'
	/home/mati/.rvm/gems/ruby-2.5.1/gems/sinatra-2.0.4/lib/sinatra/base.rb:1957:in `call'
	/home/mati/.rvm/gems/ruby-2.5.1/gems/sinatra-2.0.4/lib/sinatra/base.rb:1502:in `block in call'
	/home/mati/.rvm/gems/ruby-2.5.1/gems/sinatra-2.0.4/lib/sinatra/base.rb:1729:in `synchronize'
	/home/mati/.rvm/gems/ruby-2.5.1/gems/sinatra-2.0.4/lib/sinatra/base.rb:1502:in `call'
	/home/mati/.rvm/gems/ruby-2.5.1/gems/rack-2.0.5/lib/rack/handler/webrick.rb:86:in `service'
	/usr/share/rvm/rubies/ruby-2.5.1/lib/ruby/2.5.0/webrick/httpserver.rb:140:in `service'
	/usr/share/rvm/rubies/ruby-2.5.1/lib/ruby/2.5.0/webrick/httpserver.rb:96:in `run'
	/usr/share/rvm/rubies/ruby-2.5.1/lib/ruby/2.5.0/webrick/server.rb:307:in `block in start_thread'
2018-10-26 21:30:17 - Errno::ENOENT - No such file or directory @ rb_sysopen -  /home/mati/IV/Gestion-Medicamentos-IV/sinatra/public/medicamentos.json:
	/home/mati/IV/Gestion-Medicamentos-IV/sinatra/myapp.rb:25:in `read'
	/home/mati/IV/Gestion-Medicamentos-IV/sinatra/myapp.rb:25:in `block in <class:MyApp>'
	/home/mati/.rvm/gems/ruby-2.5.1/gems/sinatra-2.0.4/lib/sinatra/base.rb:1635:in `call'
	/home/mati/.rvm/gems/ruby-2.5.1/gems/sinatra-2.0.4/lib/sinatra/base.rb:1635:in `block in compile!'
	/home/mati/.rvm/gems/ruby-2.5.1/gems/sinatra-2.0.4/lib/sinatra/base.rb:1040:in `block in process_route'
	/home/mati/.rvm/gems/ruby-2.5.1/gems/sinatra-2.0.4/lib/sinatra/base.rb:1038:in `catch'
	/home/mati/.rvm/gems/ruby-2.5.1/gems/sinatra-2.0.4/lib/sinatra/base.rb:1038:in `process_route'
	/home/mati/.rvm/gems/ruby-2.5.1/gems/sinatra-2.0.4/lib/sinatra/base.rb:983:in `block in filter!'
	/home/mati/.rvm/gems/ruby-2.5.1/gems/sinatra-2.0.4/lib/sinatra/base.rb:983:in `each'
	/home/mati/.rvm/gems/ruby-2.5.1/gems/sinatra-2.0.4/lib/sinatra/base.rb:983:in `filter!'
	/home/mati/.rvm/gems/ruby-2.5.1/gems/sinatra-2.0.4/lib/sinatra/base.rb:1096:in `block in dispatch!'
	/home/mati/.rvm/gems/ruby-2.5.1/gems/sinatra-2.0.4/lib/sinatra/base.rb:1076:in `block in invoke'
	/home/mati/.rvm/gems/ruby-2.5.1/gems/sinatra-2.0.4/lib/sinatra/base.rb:1076:in `catch'
	/home/mati/.rvm/gems/ruby-2.5.1/gems/sinatra-2.0.4/lib/sinatra/base.rb:1076:in `invoke'
	/home/mati/.rvm/gems/ruby-2.5.1/gems/sinatra-2.0.4/lib/sinatra/base.rb:1094:in `dispatch!'
	/home/mati/.rvm/gems/ruby-2.5.1/gems/sinatra-2.0.4/lib/sinatra/base.rb:924:in `block in call!'
	/home/mati/.rvm/gems/ruby-2.5.1/gems/sinatra-2.0.4/lib/sinatra/base.rb:1076:in `block in invoke'
	/home/mati/.rvm/gems/ruby-2.5.1/gems/sinatra-2.0.4/lib/sinatra/base.rb:1076:in `catch'
	/home/mati/.rvm/gems/ruby-2.5.1/gems/sinatra-2.0.4/lib/sinatra/base.rb:1076:in `invoke'
	/home/mati/.rvm/gems/ruby-2.5.1/gems/sinatra-2.0.4/lib/sinatra/base.rb:924:in `call!'
	/home/mati/.rvm/gems/ruby-2.5.1/gems/sinatra-2.0.4/lib/sinatra/base.rb:913:in `call'
	/home/mati/.rvm/gems/ruby-2.5.1/gems/rack-2.0.5/lib/rack/common_logger.rb:33:in `call'
	/home/mati/.rvm/gems/ruby-2.5.1/gems/sinatra-2.0.4/lib/sinatra/base.rb:231:in `call'
	/home/mati/.rvm/gems/ruby-2.5.1/gems/rack-protection-2.0.4/lib/rack/protection/xss_header.rb:18:in `call'
	/home/mati/.rvm/gems/ruby-2.5.1/gems/rack-protection-2.0.4/lib/rack/protection/path_traversal.rb:16:in `call'
	/home/mati/.rvm/gems/ruby-2.5.1/gems/rack-protection-2.0.4/lib/rack/protection/json_csrf.rb:26:in `call'
	/home/mati/.rvm/gems/ruby-2.5.1/gems/rack-protection-2.0.4/lib/rack/protection/base.rb:50:in `call'
	/home/mati/.rvm/gems/ruby-2.5.1/gems/rack-protection-2.0.4/lib/rack/protection/base.rb:50:in `call'
	/home/mati/.rvm/gems/ruby-2.5.1/gems/rack-protection-2.0.4/lib/rack/protection/frame_options.rb:31:in `call'
	/home/mati/.rvm/gems/ruby-2.5.1/gems/rack-2.0.5/lib/rack/null_logger.rb:9:in `call'
	/home/mati/.rvm/gems/ruby-2.5.1/gems/rack-2.0.5/lib/rack/head.rb:12:in `call'
	/home/mati/.rvm/gems/ruby-2.5.1/gems/sinatra-2.0.4/lib/sinatra/show_exceptions.rb:22:in `call'
	/home/mati/.rvm/gems/ruby-2.5.1/gems/sinatra-2.0.4/lib/sinatra/base.rb:194:in `call'
	/home/mati/.rvm/gems/ruby-2.5.1/gems/sinatra-2.0.4/lib/sinatra/base.rb:1957:in `call'
	/home/mati/.rvm/gems/ruby-2.5.1/gems/sinatra-2.0.4/lib/sinatra/base.rb:1502:in `block in call'
	/home/mati/.rvm/gems/ruby-2.5.1/gems/sinatra-2.0.4/lib/sinatra/base.rb:1729:in `synchronize'
	/home/mati/.rvm/gems/ruby-2.5.1/gems/sinatra-2.0.4/lib/sinatra/base.rb:1502:in `call'
	/home/mati/.rvm/gems/ruby-2.5.1/gems/rack-2.0.5/lib/rack/handler/webrick.rb:86:in `service'
	/usr/share/rvm/rubies/ruby-2.5.1/lib/ruby/2.5.0/webrick/httpserver.rb:140:in `service'
	/usr/share/rvm/rubies/ruby-2.5.1/lib/ruby/2.5.0/webrick/httpserver.rb:96:in `run'
	/usr/share/rvm/rubies/ruby-2.5.1/lib/ruby/2.5.0/webrick/server.rb:307:in `block in start_thread'
2018-10-26 21:42:08 - Errno::ENOENT - No such file or directory @ rb_sysopen -  ./public/medicamentos.json:
	myapp.rb:24:in `read'
	myapp.rb:24:in `block in <class:MyApp>'
	/home/mati/.rvm/gems/ruby-2.5.1/gems/sinatra-2.0.4/lib/sinatra/base.rb:1635:in `call'
	/home/mati/.rvm/gems/ruby-2.5.1/gems/sinatra-2.0.4/lib/sinatra/base.rb:1635:in `block in compile!'
	/home/mati/.rvm/gems/ruby-2.5.1/gems/sinatra-2.0.4/lib/sinatra/base.rb:1040:in `block in process_route'
	/home/mati/.rvm/gems/ruby-2.5.1/gems/sinatra-2.0.4/lib/sinatra/base.rb:1038:in `catch'
	/home/mati/.rvm/gems/ruby-2.5.1/gems/sinatra-2.0.4/lib/sinatra/base.rb:1038:in `process_route'
	/home/mati/.rvm/gems/ruby-2.5.1/gems/sinatra-2.0.4/lib/sinatra/base.rb:983:in `block in filter!'
	/home/mati/.rvm/gems/ruby-2.5.1/gems/sinatra-2.0.4/lib/sinatra/base.rb:983:in `each'
	/home/mati/.rvm/gems/ruby-2.5.1/gems/sinatra-2.0.4/lib/sinatra/base.rb:983:in `filter!'
	/home/mati/.rvm/gems/ruby-2.5.1/gems/sinatra-2.0.4/lib/sinatra/base.rb:1096:in `block in dispatch!'
	/home/mati/.rvm/gems/ruby-2.5.1/gems/sinatra-2.0.4/lib/sinatra/base.rb:1076:in `block in invoke'
	/home/mati/.rvm/gems/ruby-2.5.1/gems/sinatra-2.0.4/lib/sinatra/base.rb:1076:in `catch'
	/home/mati/.rvm/gems/ruby-2.5.1/gems/sinatra-2.0.4/lib/sinatra/base.rb:1076:in `invoke'
	/home/mati/.rvm/gems/ruby-2.5.1/gems/sinatra-2.0.4/lib/sinatra/base.rb:1094:in `dispatch!'
	/home/mati/.rvm/gems/ruby-2.5.1/gems/sinatra-2.0.4/lib/sinatra/base.rb:924:in `block in call!'
	/home/mati/.rvm/gems/ruby-2.5.1/gems/sinatra-2.0.4/lib/sinatra/base.rb:1076:in `block in invoke'
	/home/mati/.rvm/gems/ruby-2.5.1/gems/sinatra-2.0.4/lib/sinatra/base.rb:1076:in `catch'
	/home/mati/.rvm/gems/ruby-2.5.1/gems/sinatra-2.0.4/lib/sinatra/base.rb:1076:in `invoke'
	/home/mati/.rvm/gems/ruby-2.5.1/gems/sinatra-2.0.4/lib/sinatra/base.rb:924:in `call!'
	/home/mati/.rvm/gems/ruby-2.5.1/gems/sinatra-2.0.4/lib/sinatra/base.rb:913:in `call'
	/home/mati/.rvm/gems/ruby-2.5.1/gems/rack-2.0.5/lib/rack/common_logger.rb:33:in `call'
	/home/mati/.rvm/gems/ruby-2.5.1/gems/sinatra-2.0.4/lib/sinatra/base.rb:231:in `call'
	/home/mati/.rvm/gems/ruby-2.5.1/gems/rack-protection-2.0.4/lib/rack/protection/xss_header.rb:18:in `call'
	/home/mati/.rvm/gems/ruby-2.5.1/gems/rack-protection-2.0.4/lib/rack/protection/path_traversal.rb:16:in `call'
	/home/mati/.rvm/gems/ruby-2.5.1/gems/rack-protection-2.0.4/lib/rack/protection/json_csrf.rb:26:in `call'
	/home/mati/.rvm/gems/ruby-2.5.1/gems/rack-protection-2.0.4/lib/rack/protection/base.rb:50:in `call'
	/home/mati/.rvm/gems/ruby-2.5.1/gems/rack-protection-2.0.4/lib/rack/protection/base.rb:50:in `call'
	/home/mati/.rvm/gems/ruby-2.5.1/gems/rack-protection-2.0.4/lib/rack/protection/frame_options.rb:31:in `call'
	/home/mati/.rvm/gems/ruby-2.5.1/gems/rack-2.0.5/lib/rack/null_logger.rb:9:in `call'
	/home/mati/.rvm/gems/ruby-2.5.1/gems/rack-2.0.5/lib/rack/head.rb:12:in `call'
	/home/mati/.rvm/gems/ruby-2.5.1/gems/sinatra-2.0.4/lib/sinatra/show_exceptions.rb:22:in `call'
	/home/mati/.rvm/gems/ruby-2.5.1/gems/sinatra-2.0.4/lib/sinatra/base.rb:194:in `call'
	/home/mati/.rvm/gems/ruby-2.5.1/gems/sinatra-2.0.4/lib/sinatra/base.rb:1957:in `call'
	/home/mati/.rvm/gems/ruby-2.5.1/gems/sinatra-2.0.4/lib/sinatra/base.rb:1502:in `block in call'
	/home/mati/.rvm/gems/ruby-2.5.1/gems/sinatra-2.0.4/lib/sinatra/base.rb:1729:in `synchronize'
	/home/mati/.rvm/gems/ruby-2.5.1/gems/sinatra-2.0.4/lib/sinatra/base.rb:1502:in `call'
	/home/mati/.rvm/gems/ruby-2.5.1/gems/rack-2.0.5/lib/rack/handler/webrick.rb:86:in `service'
	/usr/share/rvm/rubies/ruby-2.5.1/lib/ruby/2.5.0/webrick/httpserver.rb:140:in `service'
	/usr/share/rvm/rubies/ruby-2.5.1/lib/ruby/2.5.0/webrick/httpserver.rb:96:in `run'
	/usr/share/rvm/rubies/ruby-2.5.1/lib/ruby/2.5.0/webrick/server.rb:307:in `block in start_thread'
2018-10-26 21:43:00 - Errno::ENOENT - No such file or directory @ rb_sysopen -  ./public/medicamentos.json:
	myapp.rb:24:in `read'
	myapp.rb:24:in `block in <class:MyApp>'
	/home/mati/.rvm/gems/ruby-2.5.1/gems/sinatra-2.0.4/lib/sinatra/base.rb:1635:in `call'
	/home/mati/.rvm/gems/ruby-2.5.1/gems/sinatra-2.0.4/lib/sinatra/base.rb:1635:in `block in compile!'
	/home/mati/.rvm/gems/ruby-2.5.1/gems/sinatra-2.0.4/lib/sinatra/base.rb:1040:in `block in process_route'
	/home/mati/.rvm/gems/ruby-2.5.1/gems/sinatra-2.0.4/lib/sinatra/base.rb:1038:in `catch'
	/home/mati/.rvm/gems/ruby-2.5.1/gems/sinatra-2.0.4/lib/sinatra/base.rb:1038:in `process_route'
	/home/mati/.rvm/gems/ruby-2.5.1/gems/sinatra-2.0.4/lib/sinatra/base.rb:983:in `block in filter!'
	/home/mati/.rvm/gems/ruby-2.5.1/gems/sinatra-2.0.4/lib/sinatra/base.rb:983:in `each'
	/home/mati/.rvm/gems/ruby-2.5.1/gems/sinatra-2.0.4/lib/sinatra/base.rb:983:in `filter!'
	/home/mati/.rvm/gems/ruby-2.5.1/gems/sinatra-2.0.4/lib/sinatra/base.rb:1096:in `block in dispatch!'
	/home/mati/.rvm/gems/ruby-2.5.1/gems/sinatra-2.0.4/lib/sinatra/base.rb:1076:in `block in invoke'
	/home/mati/.rvm/gems/ruby-2.5.1/gems/sinatra-2.0.4/lib/sinatra/base.rb:1076:in `catch'
	/home/mati/.rvm/gems/ruby-2.5.1/gems/sinatra-2.0.4/lib/sinatra/base.rb:1076:in `invoke'
	/home/mati/.rvm/gems/ruby-2.5.1/gems/sinatra-2.0.4/lib/sinatra/base.rb:1094:in `dispatch!'
	/home/mati/.rvm/gems/ruby-2.5.1/gems/sinatra-2.0.4/lib/sinatra/base.rb:924:in `block in call!'
	/home/mati/.rvm/gems/ruby-2.5.1/gems/sinatra-2.0.4/lib/sinatra/base.rb:1076:in `block in invoke'
	/home/mati/.rvm/gems/ruby-2.5.1/gems/sinatra-2.0.4/lib/sinatra/base.rb:1076:in `catch'
	/home/mati/.rvm/gems/ruby-2.5.1/gems/sinatra-2.0.4/lib/sinatra/base.rb:1076:in `invoke'
	/home/mati/.rvm/gems/ruby-2.5.1/gems/sinatra-2.0.4/lib/sinatra/base.rb:924:in `call!'
	/home/mati/.rvm/gems/ruby-2.5.1/gems/sinatra-2.0.4/lib/sinatra/base.rb:913:in `call'
	/home/mati/.rvm/gems/ruby-2.5.1/gems/rack-2.0.5/lib/rack/common_logger.rb:33:in `call'
	/home/mati/.rvm/gems/ruby-2.5.1/gems/sinatra-2.0.4/lib/sinatra/base.rb:231:in `call'
	/home/mati/.rvm/gems/ruby-2.5.1/gems/rack-protection-2.0.4/lib/rack/protection/xss_header.rb:18:in `call'
	/home/mati/.rvm/gems/ruby-2.5.1/gems/rack-protection-2.0.4/lib/rack/protection/path_traversal.rb:16:in `call'
	/home/mati/.rvm/gems/ruby-2.5.1/gems/rack-protection-2.0.4/lib/rack/protection/json_csrf.rb:26:in `call'
	/home/mati/.rvm/gems/ruby-2.5.1/gems/rack-protection-2.0.4/lib/rack/protection/base.rb:50:in `call'
	/home/mati/.rvm/gems/ruby-2.5.1/gems/rack-protection-2.0.4/lib/rack/protection/base.rb:50:in `call'
	/home/mati/.rvm/gems/ruby-2.5.1/gems/rack-protection-2.0.4/lib/rack/protection/frame_options.rb:31:in `call'
	/home/mati/.rvm/gems/ruby-2.5.1/gems/rack-2.0.5/lib/rack/null_logger.rb:9:in `call'
	/home/mati/.rvm/gems/ruby-2.5.1/gems/rack-2.0.5/lib/rack/head.rb:12:in `call'
	/home/mati/.rvm/gems/ruby-2.5.1/gems/sinatra-2.0.4/lib/sinatra/show_exceptions.rb:22:in `call'
	/home/mati/.rvm/gems/ruby-2.5.1/gems/sinatra-2.0.4/lib/sinatra/base.rb:194:in `call'
	/home/mati/.rvm/gems/ruby-2.5.1/gems/sinatra-2.0.4/lib/sinatra/base.rb:1957:in `call'
	/home/mati/.rvm/gems/ruby-2.5.1/gems/sinatra-2.0.4/lib/sinatra/base.rb:1502:in `block in call'
	/home/mati/.rvm/gems/ruby-2.5.1/gems/sinatra-2.0.4/lib/sinatra/base.rb:1729:in `synchronize'
	/home/mati/.rvm/gems/ruby-2.5.1/gems/sinatra-2.0.4/lib/sinatra/base.rb:1502:in `call'
	/home/mati/.rvm/gems/ruby-2.5.1/gems/rack-2.0.5/lib/rack/handler/webrick.rb:86:in `service'
	/usr/share/rvm/rubies/ruby-2.5.1/lib/ruby/2.5.0/webrick/httpserver.rb:140:in `service'
	/usr/share/rvm/rubies/ruby-2.5.1/lib/ruby/2.5.0/webrick/httpserver.rb:96:in `run'
	/usr/share/rvm/rubies/ruby-2.5.1/lib/ruby/2.5.0/webrick/server.rb:307:in `block in start_thread'
2018-10-26 21:43:23 - Errno::ENOENT - No such file or directory @ rb_sysopen -  ./public/medicamentos.json:
	myapp.rb:24:in `read'
	myapp.rb:24:in `block in <class:MyApp>'
	/home/mati/.rvm/gems/ruby-2.5.1/gems/sinatra-2.0.4/lib/sinatra/base.rb:1635:in `call'
	/home/mati/.rvm/gems/ruby-2.5.1/gems/sinatra-2.0.4/lib/sinatra/base.rb:1635:in `block in compile!'
	/home/mati/.rvm/gems/ruby-2.5.1/gems/sinatra-2.0.4/lib/sinatra/base.rb:1040:in `block in process_route'
	/home/mati/.rvm/gems/ruby-2.5.1/gems/sinatra-2.0.4/lib/sinatra/base.rb:1038:in `catch'
	/home/mati/.rvm/gems/ruby-2.5.1/gems/sinatra-2.0.4/lib/sinatra/base.rb:1038:in `process_route'
	/home/mati/.rvm/gems/ruby-2.5.1/gems/sinatra-2.0.4/lib/sinatra/base.rb:983:in `block in filter!'
	/home/mati/.rvm/gems/ruby-2.5.1/gems/sinatra-2.0.4/lib/sinatra/base.rb:983:in `each'
	/home/mati/.rvm/gems/ruby-2.5.1/gems/sinatra-2.0.4/lib/sinatra/base.rb:983:in `filter!'
	/home/mati/.rvm/gems/ruby-2.5.1/gems/sinatra-2.0.4/lib/sinatra/base.rb:1096:in `block in dispatch!'
	/home/mati/.rvm/gems/ruby-2.5.1/gems/sinatra-2.0.4/lib/sinatra/base.rb:1076:in `block in invoke'
	/home/mati/.rvm/gems/ruby-2.5.1/gems/sinatra-2.0.4/lib/sinatra/base.rb:1076:in `catch'
	/home/mati/.rvm/gems/ruby-2.5.1/gems/sinatra-2.0.4/lib/sinatra/base.rb:1076:in `invoke'
	/home/mati/.rvm/gems/ruby-2.5.1/gems/sinatra-2.0.4/lib/sinatra/base.rb:1094:in `dispatch!'
	/home/mati/.rvm/gems/ruby-2.5.1/gems/sinatra-2.0.4/lib/sinatra/base.rb:924:in `block in call!'
	/home/mati/.rvm/gems/ruby-2.5.1/gems/sinatra-2.0.4/lib/sinatra/base.rb:1076:in `block in invoke'
	/home/mati/.rvm/gems/ruby-2.5.1/gems/sinatra-2.0.4/lib/sinatra/base.rb:1076:in `catch'
	/home/mati/.rvm/gems/ruby-2.5.1/gems/sinatra-2.0.4/lib/sinatra/base.rb:1076:in `invoke'
	/home/mati/.rvm/gems/ruby-2.5.1/gems/sinatra-2.0.4/lib/sinatra/base.rb:924:in `call!'
	/home/mati/.rvm/gems/ruby-2.5.1/gems/sinatra-2.0.4/lib/sinatra/base.rb:913:in `call'
	/home/mati/.rvm/gems/ruby-2.5.1/gems/rack-2.0.5/lib/rack/common_logger.rb:33:in `call'
	/home/mati/.rvm/gems/ruby-2.5.1/gems/sinatra-2.0.4/lib/sinatra/base.rb:231:in `call'
	/home/mati/.rvm/gems/ruby-2.5.1/gems/rack-protection-2.0.4/lib/rack/protection/xss_header.rb:18:in `call'
	/home/mati/.rvm/gems/ruby-2.5.1/gems/rack-protection-2.0.4/lib/rack/protection/path_traversal.rb:16:in `call'
	/home/mati/.rvm/gems/ruby-2.5.1/gems/rack-protection-2.0.4/lib/rack/protection/json_csrf.rb:26:in `call'
	/home/mati/.rvm/gems/ruby-2.5.1/gems/rack-protection-2.0.4/lib/rack/protection/base.rb:50:in `call'
	/home/mati/.rvm/gems/ruby-2.5.1/gems/rack-protection-2.0.4/lib/rack/protection/base.rb:50:in `call'
	/home/mati/.rvm/gems/ruby-2.5.1/gems/rack-protection-2.0.4/lib/rack/protection/frame_options.rb:31:in `call'
	/home/mati/.rvm/gems/ruby-2.5.1/gems/rack-2.0.5/lib/rack/null_logger.rb:9:in `call'
	/home/mati/.rvm/gems/ruby-2.5.1/gems/rack-2.0.5/lib/rack/head.rb:12:in `call'
	/home/mati/.rvm/gems/ruby-2.5.1/gems/sinatra-2.0.4/lib/sinatra/show_exceptions.rb:22:in `call'
	/home/mati/.rvm/gems/ruby-2.5.1/gems/sinatra-2.0.4/lib/sinatra/base.rb:194:in `call'
	/home/mati/.rvm/gems/ruby-2.5.1/gems/sinatra-2.0.4/lib/sinatra/base.rb:1957:in `call'
	/home/mati/.rvm/gems/ruby-2.5.1/gems/sinatra-2.0.4/lib/sinatra/base.rb:1502:in `block in call'
	/home/mati/.rvm/gems/ruby-2.5.1/gems/sinatra-2.0.4/lib/sinatra/base.rb:1729:in `synchronize'
	/home/mati/.rvm/gems/ruby-2.5.1/gems/sinatra-2.0.4/lib/sinatra/base.rb:1502:in `call'
	/home/mati/.rvm/gems/ruby-2.5.1/gems/rack-2.0.5/lib/rack/handler/webrick.rb:86:in `service'
	/usr/share/rvm/rubies/ruby-2.5.1/lib/ruby/2.5.0/webrick/httpserver.rb:140:in `service'
	/usr/share/rvm/rubies/ruby-2.5.1/lib/ruby/2.5.0/webrick/httpserver.rb:96:in `run'
	/usr/share/rvm/rubies/ruby-2.5.1/lib/ruby/2.5.0/webrick/server.rb:307:in `block in start_thread'
2018-10-26 21:44:13 - Errno::ENOENT - No such file or directory @ rb_sysopen -  ./public/medicamentos.json:
	myapp.rb:24:in `read'
	myapp.rb:24:in `block in <class:MyApp>'
	/home/mati/.rvm/gems/ruby-2.5.1/gems/sinatra-2.0.4/lib/sinatra/base.rb:1635:in `call'
	/home/mati/.rvm/gems/ruby-2.5.1/gems/sinatra-2.0.4/lib/sinatra/base.rb:1635:in `block in compile!'
	/home/mati/.rvm/gems/ruby-2.5.1/gems/sinatra-2.0.4/lib/sinatra/base.rb:1040:in `block in process_route'
	/home/mati/.rvm/gems/ruby-2.5.1/gems/sinatra-2.0.4/lib/sinatra/base.rb:1038:in `catch'
	/home/mati/.rvm/gems/ruby-2.5.1/gems/sinatra-2.0.4/lib/sinatra/base.rb:1038:in `process_route'
	/home/mati/.rvm/gems/ruby-2.5.1/gems/sinatra-2.0.4/lib/sinatra/base.rb:983:in `block in filter!'
	/home/mati/.rvm/gems/ruby-2.5.1/gems/sinatra-2.0.4/lib/sinatra/base.rb:983:in `each'
	/home/mati/.rvm/gems/ruby-2.5.1/gems/sinatra-2.0.4/lib/sinatra/base.rb:983:in `filter!'
	/home/mati/.rvm/gems/ruby-2.5.1/gems/sinatra-2.0.4/lib/sinatra/base.rb:1096:in `block in dispatch!'
	/home/mati/.rvm/gems/ruby-2.5.1/gems/sinatra-2.0.4/lib/sinatra/base.rb:1076:in `block in invoke'
	/home/mati/.rvm/gems/ruby-2.5.1/gems/sinatra-2.0.4/lib/sinatra/base.rb:1076:in `catch'
	/home/mati/.rvm/gems/ruby-2.5.1/gems/sinatra-2.0.4/lib/sinatra/base.rb:1076:in `invoke'
	/home/mati/.rvm/gems/ruby-2.5.1/gems/sinatra-2.0.4/lib/sinatra/base.rb:1094:in `dispatch!'
	/home/mati/.rvm/gems/ruby-2.5.1/gems/sinatra-2.0.4/lib/sinatra/base.rb:924:in `block in call!'
	/home/mati/.rvm/gems/ruby-2.5.1/gems/sinatra-2.0.4/lib/sinatra/base.rb:1076:in `block in invoke'
	/home/mati/.rvm/gems/ruby-2.5.1/gems/sinatra-2.0.4/lib/sinatra/base.rb:1076:in `catch'
	/home/mati/.rvm/gems/ruby-2.5.1/gems/sinatra-2.0.4/lib/sinatra/base.rb:1076:in `invoke'
	/home/mati/.rvm/gems/ruby-2.5.1/gems/sinatra-2.0.4/lib/sinatra/base.rb:924:in `call!'
	/home/mati/.rvm/gems/ruby-2.5.1/gems/sinatra-2.0.4/lib/sinatra/base.rb:913:in `call'
	/home/mati/.rvm/gems/ruby-2.5.1/gems/rack-2.0.5/lib/rack/common_logger.rb:33:in `call'
	/home/mati/.rvm/gems/ruby-2.5.1/gems/sinatra-2.0.4/lib/sinatra/base.rb:231:in `call'
	/home/mati/.rvm/gems/ruby-2.5.1/gems/rack-protection-2.0.4/lib/rack/protection/xss_header.rb:18:in `call'
	/home/mati/.rvm/gems/ruby-2.5.1/gems/rack-protection-2.0.4/lib/rack/protection/path_traversal.rb:16:in `call'
	/home/mati/.rvm/gems/ruby-2.5.1/gems/rack-protection-2.0.4/lib/rack/protection/json_csrf.rb:26:in `call'
	/home/mati/.rvm/gems/ruby-2.5.1/gems/rack-protection-2.0.4/lib/rack/protection/base.rb:50:in `call'
	/home/mati/.rvm/gems/ruby-2.5.1/gems/rack-protection-2.0.4/lib/rack/protection/base.rb:50:in `call'
	/home/mati/.rvm/gems/ruby-2.5.1/gems/rack-protection-2.0.4/lib/rack/protection/frame_options.rb:31:in `call'
	/home/mati/.rvm/gems/ruby-2.5.1/gems/rack-2.0.5/lib/rack/null_logger.rb:9:in `call'
	/home/mati/.rvm/gems/ruby-2.5.1/gems/rack-2.0.5/lib/rack/head.rb:12:in `call'
	/home/mati/.rvm/gems/ruby-2.5.1/gems/sinatra-2.0.4/lib/sinatra/show_exceptions.rb:22:in `call'
	/home/mati/.rvm/gems/ruby-2.5.1/gems/sinatra-2.0.4/lib/sinatra/base.rb:194:in `call'
	/home/mati/.rvm/gems/ruby-2.5.1/gems/sinatra-2.0.4/lib/sinatra/base.rb:1957:in `call'
	/home/mati/.rvm/gems/ruby-2.5.1/gems/sinatra-2.0.4/lib/sinatra/base.rb:1502:in `block in call'
	/home/mati/.rvm/gems/ruby-2.5.1/gems/sinatra-2.0.4/lib/sinatra/base.rb:1729:in `synchronize'
	/home/mati/.rvm/gems/ruby-2.5.1/gems/sinatra-2.0.4/lib/sinatra/base.rb:1502:in `call'
	/home/mati/.rvm/gems/ruby-2.5.1/gems/rack-2.0.5/lib/rack/handler/webrick.rb:86:in `service'
	/usr/share/rvm/rubies/ruby-2.5.1/lib/ruby/2.5.0/webrick/httpserver.rb:140:in `service'
	/usr/share/rvm/rubies/ruby-2.5.1/lib/ruby/2.5.0/webrick/httpserver.rb:96:in `run'
	/usr/share/rvm/rubies/ruby-2.5.1/lib/ruby/2.5.0/webrick/server.rb:307:in `block in start_thread'
2018-10-26 21:48:59 - Errno::ENOENT - No such file or directory @ rb_sysopen -  ./public/medicamentos.json:
	myapp.rb:24:in `read'
	myapp.rb:24:in `block in <class:MyApp>'
	/home/mati/.rvm/gems/ruby-2.5.1/gems/sinatra-2.0.4/lib/sinatra/base.rb:1635:in `call'
	/home/mati/.rvm/gems/ruby-2.5.1/gems/sinatra-2.0.4/lib/sinatra/base.rb:1635:in `block in compile!'
	/home/mati/.rvm/gems/ruby-2.5.1/gems/sinatra-2.0.4/lib/sinatra/base.rb:1040:in `block in process_route'
	/home/mati/.rvm/gems/ruby-2.5.1/gems/sinatra-2.0.4/lib/sinatra/base.rb:1038:in `catch'
	/home/mati/.rvm/gems/ruby-2.5.1/gems/sinatra-2.0.4/lib/sinatra/base.rb:1038:in `process_route'
	/home/mati/.rvm/gems/ruby-2.5.1/gems/sinatra-2.0.4/lib/sinatra/base.rb:983:in `block in filter!'
	/home/mati/.rvm/gems/ruby-2.5.1/gems/sinatra-2.0.4/lib/sinatra/base.rb:983:in `each'
	/home/mati/.rvm/gems/ruby-2.5.1/gems/sinatra-2.0.4/lib/sinatra/base.rb:983:in `filter!'
	/home/mati/.rvm/gems/ruby-2.5.1/gems/sinatra-2.0.4/lib/sinatra/base.rb:1096:in `block in dispatch!'
	/home/mati/.rvm/gems/ruby-2.5.1/gems/sinatra-2.0.4/lib/sinatra/base.rb:1076:in `block in invoke'
	/home/mati/.rvm/gems/ruby-2.5.1/gems/sinatra-2.0.4/lib/sinatra/base.rb:1076:in `catch'
	/home/mati/.rvm/gems/ruby-2.5.1/gems/sinatra-2.0.4/lib/sinatra/base.rb:1076:in `invoke'
	/home/mati/.rvm/gems/ruby-2.5.1/gems/sinatra-2.0.4/lib/sinatra/base.rb:1094:in `dispatch!'
	/home/mati/.rvm/gems/ruby-2.5.1/gems/sinatra-2.0.4/lib/sinatra/base.rb:924:in `block in call!'
	/home/mati/.rvm/gems/ruby-2.5.1/gems/sinatra-2.0.4/lib/sinatra/base.rb:1076:in `block in invoke'
	/home/mati/.rvm/gems/ruby-2.5.1/gems/sinatra-2.0.4/lib/sinatra/base.rb:1076:in `catch'
	/home/mati/.rvm/gems/ruby-2.5.1/gems/sinatra-2.0.4/lib/sinatra/base.rb:1076:in `invoke'
	/home/mati/.rvm/gems/ruby-2.5.1/gems/sinatra-2.0.4/lib/sinatra/base.rb:924:in `call!'
	/home/mati/.rvm/gems/ruby-2.5.1/gems/sinatra-2.0.4/lib/sinatra/base.rb:913:in `call'
	/home/mati/.rvm/gems/ruby-2.5.1/gems/rack-2.0.5/lib/rack/common_logger.rb:33:in `call'
	/home/mati/.rvm/gems/ruby-2.5.1/gems/sinatra-2.0.4/lib/sinatra/base.rb:231:in `call'
	/home/mati/.rvm/gems/ruby-2.5.1/gems/rack-protection-2.0.4/lib/rack/protection/xss_header.rb:18:in `call'
	/home/mati/.rvm/gems/ruby-2.5.1/gems/rack-protection-2.0.4/lib/rack/protection/path_traversal.rb:16:in `call'
	/home/mati/.rvm/gems/ruby-2.5.1/gems/rack-protection-2.0.4/lib/rack/protection/json_csrf.rb:26:in `call'
	/home/mati/.rvm/gems/ruby-2.5.1/gems/rack-protection-2.0.4/lib/rack/protection/base.rb:50:in `call'
	/home/mati/.rvm/gems/ruby-2.5.1/gems/rack-protection-2.0.4/lib/rack/protection/base.rb:50:in `call'
	/home/mati/.rvm/gems/ruby-2.5.1/gems/rack-protection-2.0.4/lib/rack/protection/frame_options.rb:31:in `call'
	/home/mati/.rvm/gems/ruby-2.5.1/gems/rack-2.0.5/lib/rack/null_logger.rb:9:in `call'
	/home/mati/.rvm/gems/ruby-2.5.1/gems/rack-2.0.5/lib/rack/head.rb:12:in `call'
	/home/mati/.rvm/gems/ruby-2.5.1/gems/sinatra-2.0.4/lib/sinatra/show_exceptions.rb:22:in `call'
	/home/mati/.rvm/gems/ruby-2.5.1/gems/sinatra-2.0.4/lib/sinatra/base.rb:194:in `call'
	/home/mati/.rvm/gems/ruby-2.5.1/gems/sinatra-2.0.4/lib/sinatra/base.rb:1957:in `call'
	/home/mati/.rvm/gems/ruby-2.5.1/gems/sinatra-2.0.4/lib/sinatra/base.rb:1502:in `block in call'
	/home/mati/.rvm/gems/ruby-2.5.1/gems/sinatra-2.0.4/lib/sinatra/base.rb:1729:in `synchronize'
	/home/mati/.rvm/gems/ruby-2.5.1/gems/sinatra-2.0.4/lib/sinatra/base.rb:1502:in `call'
	/home/mati/.rvm/gems/ruby-2.5.1/gems/rack-2.0.5/lib/rack/handler/webrick.rb:86:in `service'
	/usr/share/rvm/rubies/ruby-2.5.1/lib/ruby/2.5.0/webrick/httpserver.rb:140:in `service'
	/usr/share/rvm/rubies/ruby-2.5.1/lib/ruby/2.5.0/webrick/httpserver.rb:96:in `run'
	/usr/share/rvm/rubies/ruby-2.5.1/lib/ruby/2.5.0/webrick/server.rb:307:in `block in start_thread'
2018-10-26 22:46:09 - Errno::ENOENT - No such file or directory @ rb_sysopen -  ./sinatra/public/medicamentos.json:
	myapp.rb:25:in `read'
	myapp.rb:25:in `block in <class:MyApp>'
	/home/mati/.rvm/gems/ruby-2.5.1/gems/sinatra-2.0.4/lib/sinatra/base.rb:1635:in `call'
	/home/mati/.rvm/gems/ruby-2.5.1/gems/sinatra-2.0.4/lib/sinatra/base.rb:1635:in `block in compile!'
	/home/mati/.rvm/gems/ruby-2.5.1/gems/sinatra-2.0.4/lib/sinatra/base.rb:1040:in `block in process_route'
	/home/mati/.rvm/gems/ruby-2.5.1/gems/sinatra-2.0.4/lib/sinatra/base.rb:1038:in `catch'
	/home/mati/.rvm/gems/ruby-2.5.1/gems/sinatra-2.0.4/lib/sinatra/base.rb:1038:in `process_route'
	/home/mati/.rvm/gems/ruby-2.5.1/gems/sinatra-2.0.4/lib/sinatra/base.rb:983:in `block in filter!'
	/home/mati/.rvm/gems/ruby-2.5.1/gems/sinatra-2.0.4/lib/sinatra/base.rb:983:in `each'
	/home/mati/.rvm/gems/ruby-2.5.1/gems/sinatra-2.0.4/lib/sinatra/base.rb:983:in `filter!'
	/home/mati/.rvm/gems/ruby-2.5.1/gems/sinatra-2.0.4/lib/sinatra/base.rb:1096:in `block in dispatch!'
	/home/mati/.rvm/gems/ruby-2.5.1/gems/sinatra-2.0.4/lib/sinatra/base.rb:1076:in `block in invoke'
	/home/mati/.rvm/gems/ruby-2.5.1/gems/sinatra-2.0.4/lib/sinatra/base.rb:1076:in `catch'
	/home/mati/.rvm/gems/ruby-2.5.1/gems/sinatra-2.0.4/lib/sinatra/base.rb:1076:in `invoke'
	/home/mati/.rvm/gems/ruby-2.5.1/gems/sinatra-2.0.4/lib/sinatra/base.rb:1094:in `dispatch!'
	/home/mati/.rvm/gems/ruby-2.5.1/gems/sinatra-2.0.4/lib/sinatra/base.rb:924:in `block in call!'
	/home/mati/.rvm/gems/ruby-2.5.1/gems/sinatra-2.0.4/lib/sinatra/base.rb:1076:in `block in invoke'
	/home/mati/.rvm/gems/ruby-2.5.1/gems/sinatra-2.0.4/lib/sinatra/base.rb:1076:in `catch'
	/home/mati/.rvm/gems/ruby-2.5.1/gems/sinatra-2.0.4/lib/sinatra/base.rb:1076:in `invoke'
	/home/mati/.rvm/gems/ruby-2.5.1/gems/sinatra-2.0.4/lib/sinatra/base.rb:924:in `call!'
	/home/mati/.rvm/gems/ruby-2.5.1/gems/sinatra-2.0.4/lib/sinatra/base.rb:913:in `call'
	/home/mati/.rvm/gems/ruby-2.5.1/gems/rack-2.0.5/lib/rack/common_logger.rb:33:in `call'
	/home/mati/.rvm/gems/ruby-2.5.1/gems/sinatra-2.0.4/lib/sinatra/base.rb:231:in `call'
	/home/mati/.rvm/gems/ruby-2.5.1/gems/rack-protection-2.0.4/lib/rack/protection/xss_header.rb:18:in `call'
	/home/mati/.rvm/gems/ruby-2.5.1/gems/rack-protection-2.0.4/lib/rack/protection/path_traversal.rb:16:in `call'
	/home/mati/.rvm/gems/ruby-2.5.1/gems/rack-protection-2.0.4/lib/rack/protection/json_csrf.rb:26:in `call'
	/home/mati/.rvm/gems/ruby-2.5.1/gems/rack-protection-2.0.4/lib/rack/protection/base.rb:50:in `call'
	/home/mati/.rvm/gems/ruby-2.5.1/gems/rack-protection-2.0.4/lib/rack/protection/base.rb:50:in `call'
	/home/mati/.rvm/gems/ruby-2.5.1/gems/rack-protection-2.0.4/lib/rack/protection/frame_options.rb:31:in `call'
	/home/mati/.rvm/gems/ruby-2.5.1/gems/rack-2.0.5/lib/rack/null_logger.rb:9:in `call'
	/home/mati/.rvm/gems/ruby-2.5.1/gems/rack-2.0.5/lib/rack/head.rb:12:in `call'
	/home/mati/.rvm/gems/ruby-2.5.1/gems/sinatra-2.0.4/lib/sinatra/show_exceptions.rb:22:in `call'
	/home/mati/.rvm/gems/ruby-2.5.1/gems/sinatra-2.0.4/lib/sinatra/base.rb:194:in `call'
	/home/mati/.rvm/gems/ruby-2.5.1/gems/sinatra-2.0.4/lib/sinatra/base.rb:1957:in `call'
	/home/mati/.rvm/gems/ruby-2.5.1/gems/sinatra-2.0.4/lib/sinatra/base.rb:1502:in `block in call'
	/home/mati/.rvm/gems/ruby-2.5.1/gems/sinatra-2.0.4/lib/sinatra/base.rb:1729:in `synchronize'
	/home/mati/.rvm/gems/ruby-2.5.1/gems/sinatra-2.0.4/lib/sinatra/base.rb:1502:in `call'
	/home/mati/.rvm/gems/ruby-2.5.1/gems/rack-2.0.5/lib/rack/handler/webrick.rb:86:in `service'
	/usr/share/rvm/rubies/ruby-2.5.1/lib/ruby/2.5.0/webrick/httpserver.rb:140:in `service'
	/usr/share/rvm/rubies/ruby-2.5.1/lib/ruby/2.5.0/webrick/httpserver.rb:96:in `run'
	/usr/share/rvm/rubies/ruby-2.5.1/lib/ruby/2.5.0/webrick/server.rb:307:in `block in start_thread'
2018-10-29 11:42:39 - Errno::ENOENT - No such file or directory @ rb_sysopen -  ./public/medicamentos.json:
	myapp.rb:25:in `read'
	myapp.rb:25:in `block in <class:MyApp>'
	/home/mati/.rvm/gems/ruby-2.5.1/gems/sinatra-2.0.4/lib/sinatra/base.rb:1635:in `call'
	/home/mati/.rvm/gems/ruby-2.5.1/gems/sinatra-2.0.4/lib/sinatra/base.rb:1635:in `block in compile!'
	/home/mati/.rvm/gems/ruby-2.5.1/gems/sinatra-2.0.4/lib/sinatra/base.rb:1040:in `block in process_route'
	/home/mati/.rvm/gems/ruby-2.5.1/gems/sinatra-2.0.4/lib/sinatra/base.rb:1038:in `catch'
	/home/mati/.rvm/gems/ruby-2.5.1/gems/sinatra-2.0.4/lib/sinatra/base.rb:1038:in `process_route'
	/home/mati/.rvm/gems/ruby-2.5.1/gems/sinatra-2.0.4/lib/sinatra/base.rb:983:in `block in filter!'
	/home/mati/.rvm/gems/ruby-2.5.1/gems/sinatra-2.0.4/lib/sinatra/base.rb:983:in `each'
	/home/mati/.rvm/gems/ruby-2.5.1/gems/sinatra-2.0.4/lib/sinatra/base.rb:983:in `filter!'
	/home/mati/.rvm/gems/ruby-2.5.1/gems/sinatra-2.0.4/lib/sinatra/base.rb:1096:in `block in dispatch!'
	/home/mati/.rvm/gems/ruby-2.5.1/gems/sinatra-2.0.4/lib/sinatra/base.rb:1076:in `block in invoke'
	/home/mati/.rvm/gems/ruby-2.5.1/gems/sinatra-2.0.4/lib/sinatra/base.rb:1076:in `catch'
	/home/mati/.rvm/gems/ruby-2.5.1/gems/sinatra-2.0.4/lib/sinatra/base.rb:1076:in `invoke'
	/home/mati/.rvm/gems/ruby-2.5.1/gems/sinatra-2.0.4/lib/sinatra/base.rb:1094:in `dispatch!'
	/home/mati/.rvm/gems/ruby-2.5.1/gems/sinatra-2.0.4/lib/sinatra/base.rb:924:in `block in call!'
	/home/mati/.rvm/gems/ruby-2.5.1/gems/sinatra-2.0.4/lib/sinatra/base.rb:1076:in `block in invoke'
	/home/mati/.rvm/gems/ruby-2.5.1/gems/sinatra-2.0.4/lib/sinatra/base.rb:1076:in `catch'
	/home/mati/.rvm/gems/ruby-2.5.1/gems/sinatra-2.0.4/lib/sinatra/base.rb:1076:in `invoke'
	/home/mati/.rvm/gems/ruby-2.5.1/gems/sinatra-2.0.4/lib/sinatra/base.rb:924:in `call!'
	/home/mati/.rvm/gems/ruby-2.5.1/gems/sinatra-2.0.4/lib/sinatra/base.rb:913:in `call'
	/home/mati/.rvm/gems/ruby-2.5.1/gems/rack-2.0.5/lib/rack/common_logger.rb:33:in `call'
	/home/mati/.rvm/gems/ruby-2.5.1/gems/sinatra-2.0.4/lib/sinatra/base.rb:231:in `call'
	/home/mati/.rvm/gems/ruby-2.5.1/gems/rack-protection-2.0.4/lib/rack/protection/xss_header.rb:18:in `call'
	/home/mati/.rvm/gems/ruby-2.5.1/gems/rack-protection-2.0.4/lib/rack/protection/path_traversal.rb:16:in `call'
	/home/mati/.rvm/gems/ruby-2.5.1/gems/rack-protection-2.0.4/lib/rack/protection/json_csrf.rb:26:in `call'
	/home/mati/.rvm/gems/ruby-2.5.1/gems/rack-protection-2.0.4/lib/rack/protection/base.rb:50:in `call'
	/home/mati/.rvm/gems/ruby-2.5.1/gems/rack-protection-2.0.4/lib/rack/protection/base.rb:50:in `call'
	/home/mati/.rvm/gems/ruby-2.5.1/gems/rack-protection-2.0.4/lib/rack/protection/frame_options.rb:31:in `call'
	/home/mati/.rvm/gems/ruby-2.5.1/gems/rack-2.0.5/lib/rack/null_logger.rb:9:in `call'
	/home/mati/.rvm/gems/ruby-2.5.1/gems/rack-2.0.5/lib/rack/head.rb:12:in `call'
	/home/mati/.rvm/gems/ruby-2.5.1/gems/sinatra-2.0.4/lib/sinatra/show_exceptions.rb:22:in `call'
	/home/mati/.rvm/gems/ruby-2.5.1/gems/sinatra-2.0.4/lib/sinatra/base.rb:194:in `call'
	/home/mati/.rvm/gems/ruby-2.5.1/gems/sinatra-2.0.4/lib/sinatra/base.rb:1957:in `call'
	/home/mati/.rvm/gems/ruby-2.5.1/gems/sinatra-2.0.4/lib/sinatra/base.rb:1502:in `block in call'
	/home/mati/.rvm/gems/ruby-2.5.1/gems/sinatra-2.0.4/lib/sinatra/base.rb:1729:in `synchronize'
	/home/mati/.rvm/gems/ruby-2.5.1/gems/sinatra-2.0.4/lib/sinatra/base.rb:1502:in `call'
	/home/mati/.rvm/gems/ruby-2.5.1/gems/rack-2.0.5/lib/rack/handler/webrick.rb:86:in `service'
	/usr/share/rvm/rubies/ruby-2.5.1/lib/ruby/2.5.0/webrick/httpserver.rb:140:in `service'
	/usr/share/rvm/rubies/ruby-2.5.1/lib/ruby/2.5.0/webrick/httpserver.rb:96:in `run'
	/usr/share/rvm/rubies/ruby-2.5.1/lib/ruby/2.5.0/webrick/server.rb:307:in `block in start_thread'
2018-10-29 11:42:39 - Errno::ENOENT - No such file or directory @ rb_sysopen -  ./public/medicamentos.json:
	myapp.rb:25:in `read'
	myapp.rb:25:in `block in <class:MyApp>'
	/home/mati/.rvm/gems/ruby-2.5.1/gems/sinatra-2.0.4/lib/sinatra/base.rb:1635:in `call'
	/home/mati/.rvm/gems/ruby-2.5.1/gems/sinatra-2.0.4/lib/sinatra/base.rb:1635:in `block in compile!'
	/home/mati/.rvm/gems/ruby-2.5.1/gems/sinatra-2.0.4/lib/sinatra/base.rb:1040:in `block in process_route'
	/home/mati/.rvm/gems/ruby-2.5.1/gems/sinatra-2.0.4/lib/sinatra/base.rb:1038:in `catch'
	/home/mati/.rvm/gems/ruby-2.5.1/gems/sinatra-2.0.4/lib/sinatra/base.rb:1038:in `process_route'
	/home/mati/.rvm/gems/ruby-2.5.1/gems/sinatra-2.0.4/lib/sinatra/base.rb:983:in `block in filter!'
	/home/mati/.rvm/gems/ruby-2.5.1/gems/sinatra-2.0.4/lib/sinatra/base.rb:983:in `each'
	/home/mati/.rvm/gems/ruby-2.5.1/gems/sinatra-2.0.4/lib/sinatra/base.rb:983:in `filter!'
	/home/mati/.rvm/gems/ruby-2.5.1/gems/sinatra-2.0.4/lib/sinatra/base.rb:1096:in `block in dispatch!'
	/home/mati/.rvm/gems/ruby-2.5.1/gems/sinatra-2.0.4/lib/sinatra/base.rb:1076:in `block in invoke'
	/home/mati/.rvm/gems/ruby-2.5.1/gems/sinatra-2.0.4/lib/sinatra/base.rb:1076:in `catch'
	/home/mati/.rvm/gems/ruby-2.5.1/gems/sinatra-2.0.4/lib/sinatra/base.rb:1076:in `invoke'
	/home/mati/.rvm/gems/ruby-2.5.1/gems/sinatra-2.0.4/lib/sinatra/base.rb:1094:in `dispatch!'
	/home/mati/.rvm/gems/ruby-2.5.1/gems/sinatra-2.0.4/lib/sinatra/base.rb:924:in `block in call!'
	/home/mati/.rvm/gems/ruby-2.5.1/gems/sinatra-2.0.4/lib/sinatra/base.rb:1076:in `block in invoke'
	/home/mati/.rvm/gems/ruby-2.5.1/gems/sinatra-2.0.4/lib/sinatra/base.rb:1076:in `catch'
	/home/mati/.rvm/gems/ruby-2.5.1/gems/sinatra-2.0.4/lib/sinatra/base.rb:1076:in `invoke'
	/home/mati/.rvm/gems/ruby-2.5.1/gems/sinatra-2.0.4/lib/sinatra/base.rb:924:in `call!'
	/home/mati/.rvm/gems/ruby-2.5.1/gems/sinatra-2.0.4/lib/sinatra/base.rb:913:in `call'
	/home/mati/.rvm/gems/ruby-2.5.1/gems/rack-2.0.5/lib/rack/common_logger.rb:33:in `call'
	/home/mati/.rvm/gems/ruby-2.5.1/gems/sinatra-2.0.4/lib/sinatra/base.rb:231:in `call'
	/home/mati/.rvm/gems/ruby-2.5.1/gems/rack-protection-2.0.4/lib/rack/protection/xss_header.rb:18:in `call'
	/home/mati/.rvm/gems/ruby-2.5.1/gems/rack-protection-2.0.4/lib/rack/protection/path_traversal.rb:16:in `call'
	/home/mati/.rvm/gems/ruby-2.5.1/gems/rack-protection-2.0.4/lib/rack/protection/json_csrf.rb:26:in `call'
	/home/mati/.rvm/gems/ruby-2.5.1/gems/rack-protection-2.0.4/lib/rack/protection/base.rb:50:in `call'
	/home/mati/.rvm/gems/ruby-2.5.1/gems/rack-protection-2.0.4/lib/rack/protection/base.rb:50:in `call'
	/home/mati/.rvm/gems/ruby-2.5.1/gems/rack-protection-2.0.4/lib/rack/protection/frame_options.rb:31:in `call'
	/home/mati/.rvm/gems/ruby-2.5.1/gems/rack-2.0.5/lib/rack/null_logger.rb:9:in `call'
	/home/mati/.rvm/gems/ruby-2.5.1/gems/rack-2.0.5/lib/rack/head.rb:12:in `call'
	/home/mati/.rvm/gems/ruby-2.5.1/gems/sinatra-2.0.4/lib/sinatra/show_exceptions.rb:22:in `call'
	/home/mati/.rvm/gems/ruby-2.5.1/gems/sinatra-2.0.4/lib/sinatra/base.rb:194:in `call'
	/home/mati/.rvm/gems/ruby-2.5.1/gems/sinatra-2.0.4/lib/sinatra/base.rb:1957:in `call'
	/home/mati/.rvm/gems/ruby-2.5.1/gems/sinatra-2.0.4/lib/sinatra/base.rb:1502:in `block in call'
	/home/mati/.rvm/gems/ruby-2.5.1/gems/sinatra-2.0.4/lib/sinatra/base.rb:1729:in `synchronize'
	/home/mati/.rvm/gems/ruby-2.5.1/gems/sinatra-2.0.4/lib/sinatra/base.rb:1502:in `call'
	/home/mati/.rvm/gems/ruby-2.5.1/gems/rack-2.0.5/lib/rack/handler/webrick.rb:86:in `service'
	/usr/share/rvm/rubies/ruby-2.5.1/lib/ruby/2.5.0/webrick/httpserver.rb:140:in `service'
	/usr/share/rvm/rubies/ruby-2.5.1/lib/ruby/2.5.0/webrick/httpserver.rb:96:in `run'
	/usr/share/rvm/rubies/ruby-2.5.1/lib/ruby/2.5.0/webrick/server.rb:307:in `block in start_thread'
